<?xml version="1.0" encoding="UTF-8"?>
<!-- Generated by org.testng.reporters.JUnitReportReporter -->
<testsuite hostname="DESKTOP-6J86T1G" failures="0" tests="2" name="runner.TestRunner" time="55.819" errors="0" timestamp="2023-06-09T13:59:17 IST" skipped="0">
  <testcase classname="runner.TestRunner" name="runScenario" time="17.784"/>
  <system-out/>
  <testcase classname="runner.TestRunner" name="runScenario" time="38.035"/>
  <system-out/>
</testsuite> <!-- runner.TestRunner -->
