<?xml version="1.0" encoding="UTF-8"?>
<!-- Generated by org.testng.reporters.JUnitReportReporter -->
<testsuite hostname="DESKTOP-6J86T1G" failures="0" tests="1" name="runner.Runnerjunit" time="13.284" errors="0" timestamp="2023-06-07T15:39:09 IST" skipped="0">
  <testcase classname="runner.Runnerjunit" name="runScenario" time="13.284"/>
  <system-out/>
</testsuite> <!-- runner.Runnerjunit -->
