<?xml version="1.0" encoding="UTF-8"?>
<!-- Generated by org.testng.reporters.JUnitReportReporter -->
<testsuite hostname="DESKTOP-6J86T1G" failures="0" tests="1" name="runner.Runnertestng" time="64.864" errors="0" timestamp="2023-06-07T14:35:32 IST" skipped="0">
  <testcase classname="runner.Runnertestng" name="runScenario" time="64.864"/>
  <system-out/>
</testsuite> <!-- runner.Runnertestng -->
